Setup(si=0x0000000080400000,sp=2281635704)
Setup::say_hi()

This is EPOS!

Setting up this machine as follows: 
  Mode:         library
  Processor:    2 x RV64 at 50 MHz (BUS clock = 50 MHz)
  Machine:      SiFive-U
  Memory:       131072 KB [0x0000000080000000:0x0000000087ffffff]
  User memory:  130944 KB [0x0000000080000000:0x0000000087fe0000]
  I/O space:    524288 KB [0x0000000000000000:0x000000001fffffff]
  Node Id:      will get from the network!
  Position:     will get from the network!

Machine::pre_init()
Machine::pre_init() finished
Init_System() antes 
Init_System() Depois
CPU::init()
MMU::init()
MMU::free(addr=0x0000000080400440,n=129891264)
TSC::init()
PMU::init()
MMU::alloc(bytes=1114112) => 0x0000000087ed0000
Heap(addr=0x0000000087ed0000,bytes=1114112) => 0x00000000804002b8
Machine::init()
IC::init()
Timer::init()
Machine init finished 
Alarm::init()
Thread::init()
Thread(entry=0x0000000080000c00,state=0,priority=0,stack={b=0x0000000087fcff70,s
=65536},context={b=0x0000000087fdfd90,{sp=0x0000000087fefce8,pc=0x80004282,st=0x
1800,lr=0,x5=0,x6=0,x7=0,x8=0,x9=0,x10=0,x11=0,x12=0,x13=0,x14=0,x15=0,x16=0,x17
=0,x18=0,x19=0,x20=0,x21=0,x22=0,x23=0,x24=0,x25=0,x26=0,x27=0,x28=0,x29=0,x30=0
,x31=0}}) => 0x0000000087fdff78
Thread(entry=0x0000000080002f8e,state=1,priority=2147483647,stack={b=0x000000008
7fbff10,s=65536},context={b=0x0000000087fcfd30,{sp=0x0000000087fefce8,pc=0x80004
282,st=0x1800,lr=0,x5=0,x6=0,x7=0,x8=0,x9=0,x10=0,x11=0,x12=0,x13=0,x14=0,x15=0,
x16=0,x17=0,x18=0,x19=0,x20=0,x21=0,x22=0,x23=0,x24=0,x25=0,x26=0,x27=0,x28=0,x2
9=0,x30=0,x31=0}}) => 0x0000000087fcff18
Init_Application()
MMU::alloc(bytes=128777152) => 0x0000000080400440
Init_End()
MMU::free(addr=0x0000000087fe0000,n=131072)
Hello world!
Thread::exit(status=0) [running=0x0000000087fdff78]
Thread::dispatch(prev=0x0000000087fdff78,next=0x0000000087fcff18)
Thread::idle(cpu=0,this=0x0000000087fcff18)
The last thread has exited!
Rebooting the machine ...
Machine::reboot()
